Using pre-set license
Built from '2020.2/staging' branch; Version is '2020.2.7f1 (c53830e277f1) revision 12924976'; Using compiler version '192528614'; Build Type 'Release'
OS: 'Windows 10 Home Single Language; OS build 19044.1706; Version 2009; 64bit' Language: 'tr' Physical Memory: 8084 MB
BatchMode: 1, IsHumanControllingUs: 0, StartBugReporterOnCrash: 0, Is64bit: 1, IsPro: 0

 COMMAND LINE ARGUMENTS:
C:\Program Files\Unity\Hub\Editor\2020.2.7f1\Editor\Unity.exe
-adb2
-batchMode
-noUpm
-name
AssetImportWorker0
-projectPath
C:/Users/berkan/Documents/GitHub/Brick Breaker 3d
-logFile
Logs/AssetImportWorker0.log
-srvPort
53204
Successfully changed project path to: C:/Users/berkan/Documents/GitHub/Brick Breaker 3d
C:/Users/berkan/Documents/GitHub/Brick Breaker 3d
Using Asset Import Pipeline V2.
Refreshing native plugins compatible for Editor in 45.93 ms, found 0 plugins.
Preloading 0 native plugins for Editor in 0.00 ms.
Initialize engine version: 2020.2.7f1 (c53830e277f1)
[Subsystems] Discovering subsystems at path C:/Program Files/Unity/Hub/Editor/2020.2.7f1/Editor/Data/Resources/UnitySubsystems
[Subsystems] Discovering subsystems at path C:/Users/berkan/Documents/GitHub/Brick Breaker 3d/Assets
GfxDevice: creating device client; threaded=0
Direct3D:
    Version:  Direct3D 11.0 [level 11.0]
    Renderer: NVIDIA GeForce GT 630M (ID=0x1140)
    Vendor:   
    VRAM:     2000 MB
    Driver:   23.21.13.8912
Initialize mono
Mono path[0] = 'C:/Program Files/Unity/Hub/Editor/2020.2.7f1/Editor/Data/Managed'
Mono path[1] = 'C:/Program Files/Unity/Hub/Editor/2020.2.7f1/Editor/Data/MonoBleedingEdge/lib/mono/unityjit'
Mono config path = 'C:/Program Files/Unity/Hub/Editor/2020.2.7f1/Editor/Data/MonoBleedingEdge/etc'
Using monoOptions --debugger-agent=transport=dt_socket,embedding=1,server=y,suspend=n,address=127.0.0.1:56564
Begin MonoManager ReloadAssembly
Registering precompiled unity dll's ...
Register platform support module: C:/Program Files/Unity/Hub/Editor/2020.2.7f1/Editor/Data/PlaybackEngines/WindowsStandaloneSupport/UnityEditor.WindowsStandalone.Extensions.dll
Registered in 0.003928 seconds.
Native extension for WindowsStandalone target not found
Refreshing native plugins compatible for Editor in 57.66 ms, found 0 plugins.
Preloading 0 native plugins for Editor in 0.00 ms.
Invoked RoslynAnalysisRunner static constructor.
RoslynAnalysisRunner will not be running.
RoslynAnalysisRunner has terminated.
Mono: successfully reloaded assembly
- Completed reload, in  4.063 seconds
Platform modules already initialized, skipping
Registering precompiled user dll's ...
Registered in 0.001985 seconds.
Begin MonoManager ReloadAssembly
Native extension for WindowsStandalone target not found
Refreshing native plugins compatible for Editor in 0.32 ms, found 0 plugins.
Preloading 0 native plugins for Editor in 0.00 ms.
Invoked RoslynAnalysisRunner static constructor.
RoslynAnalysisRunner will not be running.
RoslynAnalysisRunner has terminated.
Mono: successfully reloaded assembly
- Completed reload, in  2.498 seconds
Platform modules already initialized, skipping
========================================================================
Worker process is ready to serve import requests
Launched and connected shader compiler UnityShaderCompiler.exe after 0.12 seconds
Refreshing native plugins compatible for Editor in 1.20 ms, found 0 plugins.
Preloading 0 native plugins for Editor in 0.00 ms.
Unloading 1115 Unused Serialized files (Serialized files now loaded: 0)
System memory in use before: 57.1 MB.
System memory in use after: 57.1 MB.

Unloading 10 unused Assets to reduce memory usage. Loaded Objects now: 1557.
Total: 3.908200 ms (FindLiveObjects: 0.590200 ms CreateObjectMapping: 0.138200 ms MarkObjects: 2.979000 ms  DeleteObjects: 0.197300 ms)

========================================================================
Received Import Request.
  path: Assets/Scripts/PlayerController.cs
  artifactKey: Guid(70ea231c3eef1af40a7052450e6c847b) Importer(815301076,1909f56bfc062723c751e8b465ee728b)
Start importing Assets/Scripts/PlayerController.cs using Guid(70ea231c3eef1af40a7052450e6c847b) Importer(815301076,1909f56bfc062723c751e8b465ee728b)  -> (artifact id: '85c0ad6988eba042dd8149b444853456') in 0.071126 seconds
  Import took 0.081620 seconds .

========================================================================
Received Prepare
Registering precompiled user dll's ...
Registered in 0.001192 seconds.
Begin MonoManager ReloadAssembly
Native extension for WindowsStandalone target not found
Refreshing native plugins compatible for Editor in 0.32 ms, found 0 plugins.
Preloading 0 native plugins for Editor in 0.00 ms.
Invoked RoslynAnalysisRunner static constructor.
RoslynAnalysisRunner will not be running.
RoslynAnalysisRunner has terminated.
Mono: successfully reloaded assembly
- Completed reload, in  1.774 seconds
Platform modules already initialized, skipping
Refreshing native plugins compatible for Editor in 0.49 ms, found 0 plugins.
Preloading 0 native plugins for Editor in 0.00 ms.
Unloading 1110 Unused Serialized files (Serialized files now loaded: 0)
System memory in use before: 57.0 MB.
System memory in use after: 57.1 MB.

Unloading 5 unused Assets to reduce memory usage. Loaded Objects now: 1560.
Total: 4.214000 ms (FindLiveObjects: 0.313200 ms CreateObjectMapping: 0.109100 ms MarkObjects: 3.665900 ms  DeleteObjects: 0.119800 ms)

========================================================================
Received Prepare
Registering precompiled user dll's ...
Registered in 0.001737 seconds.
Begin MonoManager ReloadAssembly
Native extension for WindowsStandalone target not found
Refreshing native plugins compatible for Editor in 0.31 ms, found 0 plugins.
Preloading 0 native plugins for Editor in 0.00 ms.
Invoked RoslynAnalysisRunner static constructor.
RoslynAnalysisRunner will not be running.
RoslynAnalysisRunner has terminated.
Mono: successfully reloaded assembly
- Completed reload, in  1.791 seconds
Platform modules already initialized, skipping
Refreshing native plugins compatible for Editor in 0.37 ms, found 0 plugins.
Preloading 0 native plugins for Editor in 0.00 ms.
Unloading 1110 Unused Serialized files (Serialized files now loaded: 0)
System memory in use before: 57.1 MB.
System memory in use after: 57.1 MB.

Unloading 5 unused Assets to reduce memory usage. Loaded Objects now: 1563.
Total: 3.598000 ms (FindLiveObjects: 0.288700 ms CreateObjectMapping: 0.086000 ms MarkObjects: 3.125200 ms  DeleteObjects: 0.094400 ms)

========================================================================
Received Prepare
Registering precompiled user dll's ...
Registered in 0.001434 seconds.
Begin MonoManager ReloadAssembly
Native extension for WindowsStandalone target not found
Refreshing native plugins compatible for Editor in 0.33 ms, found 0 plugins.
Preloading 0 native plugins for Editor in 0.00 ms.
Invoked RoslynAnalysisRunner static constructor.
RoslynAnalysisRunner will not be running.
RoslynAnalysisRunner has terminated.
Mono: successfully reloaded assembly
- Completed reload, in  1.803 seconds
Platform modules already initialized, skipping
Refreshing native plugins compatible for Editor in 0.30 ms, found 0 plugins.
Preloading 0 native plugins for Editor in 0.00 ms.
Unloading 1110 Unused Serialized files (Serialized files now loaded: 0)
System memory in use before: 57.1 MB.
System memory in use after: 57.1 MB.

Unloading 5 unused Assets to reduce memory usage. Loaded Objects now: 1566.
Total: 2.713400 ms (FindLiveObjects: 0.266300 ms CreateObjectMapping: 0.078000 ms MarkObjects: 2.273600 ms  DeleteObjects: 0.093100 ms)

========================================================================
Received Prepare
Registering precompiled user dll's ...
Registered in 0.001719 seconds.
Begin MonoManager ReloadAssembly
Native extension for WindowsStandalone target not found
Refreshing native plugins compatible for Editor in 0.32 ms, found 0 plugins.
Preloading 0 native plugins for Editor in 0.00 ms.
Invoked RoslynAnalysisRunner static constructor.
RoslynAnalysisRunner will not be running.
RoslynAnalysisRunner has terminated.
Mono: successfully reloaded assembly
- Completed reload, in  1.899 seconds
Platform modules already initialized, skipping
Refreshing native plugins compatible for Editor in 0.31 ms, found 0 plugins.
Preloading 0 native plugins for Editor in 0.00 ms.
Unloading 1110 Unused Serialized files (Serialized files now loaded: 0)
System memory in use before: 57.1 MB.
System memory in use after: 57.2 MB.

Unloading 5 unused Assets to reduce memory usage. Loaded Objects now: 1569.
Total: 2.706100 ms (FindLiveObjects: 0.271900 ms CreateObjectMapping: 0.085000 ms MarkObjects: 2.262900 ms  DeleteObjects: 0.084200 ms)

========================================================================
Received Prepare
Registering precompiled user dll's ...
Registered in 0.001413 seconds.
Begin MonoManager ReloadAssembly
Native extension for WindowsStandalone target not found
Refreshing native plugins compatible for Editor in 0.31 ms, found 0 plugins.
Preloading 0 native plugins for Editor in 0.00 ms.
Invoked RoslynAnalysisRunner static constructor.
RoslynAnalysisRunner will not be running.
RoslynAnalysisRunner has terminated.
Mono: successfully reloaded assembly
- Completed reload, in  2.005 seconds
Platform modules already initialized, skipping
Refreshing native plugins compatible for Editor in 0.30 ms, found 0 plugins.
Preloading 0 native plugins for Editor in 0.00 ms.
Unloading 1110 Unused Serialized files (Serialized files now loaded: 0)
System memory in use before: 57.1 MB.
System memory in use after: 57.2 MB.

Unloading 5 unused Assets to reduce memory usage. Loaded Objects now: 1572.
Total: 4.405400 ms (FindLiveObjects: 1.749200 ms CreateObjectMapping: 0.126700 ms MarkObjects: 2.427300 ms  DeleteObjects: 0.098900 ms)

========================================================================
Received Prepare
Registering precompiled user dll's ...
Registered in 0.001268 seconds.
Begin MonoManager ReloadAssembly
Native extension for WindowsStandalone target not found
Refreshing native plugins compatible for Editor in 0.30 ms, found 0 plugins.
Preloading 0 native plugins for Editor in 0.00 ms.
Invoked RoslynAnalysisRunner static constructor.
RoslynAnalysisRunner will not be running.
RoslynAnalysisRunner has terminated.
Mono: successfully reloaded assembly
- Completed reload, in  1.691 seconds
Platform modules already initialized, skipping
Refreshing native plugins compatible for Editor in 0.31 ms, found 0 plugins.
Preloading 0 native plugins for Editor in 0.00 ms.
Unloading 1110 Unused Serialized files (Serialized files now loaded: 0)
System memory in use before: 57.1 MB.
System memory in use after: 57.2 MB.

Unloading 5 unused Assets to reduce memory usage. Loaded Objects now: 1575.
Total: 2.949000 ms (FindLiveObjects: 0.287900 ms CreateObjectMapping: 0.141600 ms MarkObjects: 2.392000 ms  DeleteObjects: 0.124700 ms)

========================================================================
Received Prepare
Registering precompiled user dll's ...
Registered in 0.002024 seconds.
Begin MonoManager ReloadAssembly
Native extension for WindowsStandalone target not found
Refreshing native plugins compatible for Editor in 0.67 ms, found 0 plugins.
Preloading 0 native plugins for Editor in 0.00 ms.
Invoked RoslynAnalysisRunner static constructor.
RoslynAnalysisRunner will not be running.
RoslynAnalysisRunner has terminated.
Mono: successfully reloaded assembly
- Completed reload, in  1.615 seconds
Platform modules already initialized, skipping
Refreshing native plugins compatible for Editor in 0.31 ms, found 0 plugins.
Preloading 0 native plugins for Editor in 0.00 ms.
Unloading 1110 Unused Serialized files (Serialized files now loaded: 0)
System memory in use before: 57.1 MB.
System memory in use after: 57.2 MB.

Unloading 5 unused Assets to reduce memory usage. Loaded Objects now: 1578.
Total: 4.524400 ms (FindLiveObjects: 0.618700 ms CreateObjectMapping: 0.085800 ms MarkObjects: 3.559600 ms  DeleteObjects: 0.257000 ms)

========================================================================
Received Import Request.
  Time since last request: 628.267249 seconds.
  path: Assets/Material/kırmızı.mat
  artifactKey: Guid(6d4b3fad5caa23743adbeb0d804d54d8) Importer(815301076,1909f56bfc062723c751e8b465ee728b)
Start importing Assets/Material/kırmızı.mat using Guid(6d4b3fad5caa23743adbeb0d804d54d8) Importer(815301076,1909f56bfc062723c751e8b465ee728b)  -> (artifact id: '26adb2d770f4450c3d2184fbd21dd08d') in 0.316913 seconds
  Import took 0.324180 seconds .

========================================================================
Received Prepare
Registering precompiled user dll's ...
Registered in 0.001277 seconds.
Begin MonoManager ReloadAssembly
Native extension for WindowsStandalone target not found
Refreshing native plugins compatible for Editor in 0.32 ms, found 0 plugins.
Preloading 0 native plugins for Editor in 0.00 ms.
Invoked RoslynAnalysisRunner static constructor.
RoslynAnalysisRunner will not be running.
RoslynAnalysisRunner has terminated.
Mono: successfully reloaded assembly
- Completed reload, in  1.464 seconds
Platform modules already initialized, skipping
Refreshing native plugins compatible for Editor in 0.51 ms, found 0 plugins.
Preloading 0 native plugins for Editor in 0.00 ms.
Unloading 1110 Unused Serialized files (Serialized files now loaded: 0)
System memory in use before: 60.4 MB.
System memory in use after: 60.5 MB.

Unloading 5 unused Assets to reduce memory usage. Loaded Objects now: 1621.
Total: 3.322900 ms (FindLiveObjects: 0.354500 ms CreateObjectMapping: 0.065100 ms MarkObjects: 2.816200 ms  DeleteObjects: 0.083600 ms)

========================================================================
Received Import Request.
  Time since last request: 34.228489 seconds.
  path: Assets/Prefabs
  artifactKey: Guid(1c45c18d035f603449bc513da8e3244d) Importer(815301076,1909f56bfc062723c751e8b465ee728b)
Start importing Assets/Prefabs using Guid(1c45c18d035f603449bc513da8e3244d) Importer(815301076,1909f56bfc062723c751e8b465ee728b)  -> (artifact id: '15de87178205b650f7993b5ac9ad8bb0') in 0.022510 seconds
  Import took 0.029053 seconds .

========================================================================
Received Import Request.
  Time since last request: 11.047740 seconds.
  path: Assets/Prefabs/Ball.prefab
  artifactKey: Guid(d435a40e247021344baeb8e3390e11c2) Importer(815301076,1909f56bfc062723c751e8b465ee728b)
Start importing Assets/Prefabs/Ball.prefab using Guid(d435a40e247021344baeb8e3390e11c2) Importer(815301076,1909f56bfc062723c751e8b465ee728b)  -> (artifact id: '24473e225371114408c2eaf91573287e') in 0.169612 seconds
  Import took 0.175382 seconds .

========================================================================
Received Import Request.
  Time since last request: 0.026077 seconds.
  path: Assets/Prefabs/Ball.prefab
  artifactKey: Guid(d435a40e247021344baeb8e3390e11c2) Importer(815301076,1909f56bfc062723c751e8b465ee728b)
Start importing Assets/Prefabs/Ball.prefab using Guid(d435a40e247021344baeb8e3390e11c2) Importer(815301076,1909f56bfc062723c751e8b465ee728b)  -> (artifact id: '24473e225371114408c2eaf91573287e') in 0.023779 seconds
  Import took 0.029868 seconds .

========================================================================
Received Import Request.
  Time since last request: 2353.707808 seconds.
  path: Assets/Prefabs/Ball.prefab
  artifactKey: Guid(d435a40e247021344baeb8e3390e11c2) Importer(815301076,1909f56bfc062723c751e8b465ee728b)
Start importing Assets/Prefabs/Ball.prefab using Guid(d435a40e247021344baeb8e3390e11c2) Importer(815301076,1909f56bfc062723c751e8b465ee728b)  -> (artifact id: '58ebd561182157b2e5fb3de043ce30ec') in 0.031136 seconds
  Import took 0.036861 seconds .

========================================================================
Received Import Request.
  Time since last request: 41.304904 seconds.
  path: Assets/Prefabs/Ball.prefab
  artifactKey: Guid(d435a40e247021344baeb8e3390e11c2) Importer(815301076,1909f56bfc062723c751e8b465ee728b)
Start importing Assets/Prefabs/Ball.prefab using Guid(d435a40e247021344baeb8e3390e11c2) Importer(815301076,1909f56bfc062723c751e8b465ee728b)  -> (artifact id: '28803691747a9058f342d98b58c3245e') in 0.028035 seconds
  Import took 0.034412 seconds .

========================================================================
Received Import Request.
  Time since last request: 55.669842 seconds.
  path: Assets/Prefabs/Ball.prefab
  artifactKey: Guid(d435a40e247021344baeb8e3390e11c2) Importer(815301076,1909f56bfc062723c751e8b465ee728b)
Start importing Assets/Prefabs/Ball.prefab using Guid(d435a40e247021344baeb8e3390e11c2) Importer(815301076,1909f56bfc062723c751e8b465ee728b)  -> (artifact id: '112258ede0395d69f2c91cbd7c3d190e') in 0.027035 seconds
  Import took 0.030971 seconds .

========================================================================
Received Import Request.
  Time since last request: 12.554000 seconds.
  path: Assets/Prefabs/Ball.prefab
  artifactKey: Guid(d435a40e247021344baeb8e3390e11c2) Importer(815301076,1909f56bfc062723c751e8b465ee728b)
Start importing Assets/Prefabs/Ball.prefab using Guid(d435a40e247021344baeb8e3390e11c2) Importer(815301076,1909f56bfc062723c751e8b465ee728b)  -> (artifact id: 'cc875d6bab8f0d865481cba057dbd80a') in 0.025899 seconds
  Import took 0.031300 seconds .

========================================================================
Received Prepare
Registering precompiled user dll's ...
Registered in 0.001710 seconds.
Begin MonoManager ReloadAssembly
Native extension for WindowsStandalone target not found
Refreshing native plugins compatible for Editor in 0.32 ms, found 0 plugins.
Preloading 0 native plugins for Editor in 0.00 ms.
Invoked RoslynAnalysisRunner static constructor.
RoslynAnalysisRunner will not be running.
RoslynAnalysisRunner has terminated.
Mono: successfully reloaded assembly
- Completed reload, in  1.798 seconds
Platform modules already initialized, skipping
Refreshing native plugins compatible for Editor in 0.30 ms, found 0 plugins.
Preloading 0 native plugins for Editor in 0.00 ms.
Unloading 1110 Unused Serialized files (Serialized files now loaded: 0)
System memory in use before: 60.5 MB.
System memory in use after: 60.6 MB.

Unloading 6 unused Assets to reduce memory usage. Loaded Objects now: 1626.
Total: 3.036900 ms (FindLiveObjects: 0.205000 ms CreateObjectMapping: 0.070400 ms MarkObjects: 2.662900 ms  DeleteObjects: 0.095500 ms)

========================================================================
Received Prepare
Registering precompiled user dll's ...
Registered in 0.001224 seconds.
Begin MonoManager ReloadAssembly
Native extension for WindowsStandalone target not found
Refreshing native plugins compatible for Editor in 0.44 ms, found 0 plugins.
Preloading 0 native plugins for Editor in 0.00 ms.
Invoked RoslynAnalysisRunner static constructor.
RoslynAnalysisRunner will not be running.
RoslynAnalysisRunner has terminated.
Mono: successfully reloaded assembly
- Completed reload, in  1.577 seconds
Platform modules already initialized, skipping
Refreshing native plugins compatible for Editor in 0.57 ms, found 0 plugins.
Preloading 0 native plugins for Editor in 0.00 ms.
Unloading 1110 Unused Serialized files (Serialized files now loaded: 0)
System memory in use before: 60.5 MB.
System memory in use after: 60.6 MB.

Unloading 5 unused Assets to reduce memory usage. Loaded Objects now: 1629.
Total: 2.717000 ms (FindLiveObjects: 0.293500 ms CreateObjectMapping: 0.104800 ms MarkObjects: 2.221200 ms  DeleteObjects: 0.095300 ms)

========================================================================
Received Prepare
Registering precompiled user dll's ...
Registered in 0.001225 seconds.
Begin MonoManager ReloadAssembly
Native extension for WindowsStandalone target not found
Refreshing native plugins compatible for Editor in 0.32 ms, found 0 plugins.
Preloading 0 native plugins for Editor in 0.00 ms.
Invoked RoslynAnalysisRunner static constructor.
RoslynAnalysisRunner will not be running.
RoslynAnalysisRunner has terminated.
Mono: successfully reloaded assembly
- Completed reload, in  1.857 seconds
Platform modules already initialized, skipping
Refreshing native plugins compatible for Editor in 0.31 ms, found 0 plugins.
Preloading 0 native plugins for Editor in 0.00 ms.
Unloading 1110 Unused Serialized files (Serialized files now loaded: 0)
System memory in use before: 60.5 MB.
System memory in use after: 60.6 MB.

Unloading 5 unused Assets to reduce memory usage. Loaded Objects now: 1632.
Total: 2.819500 ms (FindLiveObjects: 0.374900 ms CreateObjectMapping: 0.069500 ms MarkObjects: 2.289100 ms  DeleteObjects: 0.083600 ms)

========================================================================
Received Prepare
Registering precompiled user dll's ...
Registered in 0.001286 seconds.
Begin MonoManager ReloadAssembly
Native extension for WindowsStandalone target not found
Refreshing native plugins compatible for Editor in 0.32 ms, found 0 plugins.
Preloading 0 native plugins for Editor in 0.00 ms.
Invoked RoslynAnalysisRunner static constructor.
RoslynAnalysisRunner will not be running.
RoslynAnalysisRunner has terminated.
Mono: successfully reloaded assembly
- Completed reload, in  1.650 seconds
Platform modules already initialized, skipping
Refreshing native plugins compatible for Editor in 0.30 ms, found 0 plugins.
Preloading 0 native plugins for Editor in 0.00 ms.
Unloading 1110 Unused Serialized files (Serialized files now loaded: 0)
System memory in use before: 60.5 MB.
System memory in use after: 60.6 MB.

Unloading 5 unused Assets to reduce memory usage. Loaded Objects now: 1635.
Total: 2.996700 ms (FindLiveObjects: 0.384600 ms CreateObjectMapping: 0.098500 ms MarkObjects: 2.420500 ms  DeleteObjects: 0.090200 ms)

========================================================================
Received Prepare
Registering precompiled user dll's ...
Registered in 0.002450 seconds.
Begin MonoManager ReloadAssembly
Native extension for WindowsStandalone target not found
Refreshing native plugins compatible for Editor in 0.32 ms, found 0 plugins.
Preloading 0 native plugins for Editor in 0.00 ms.
Invoked RoslynAnalysisRunner static constructor.
RoslynAnalysisRunner will not be running.
RoslynAnalysisRunner has terminated.
Mono: successfully reloaded assembly
- Completed reload, in  1.442 seconds
Platform modules already initialized, skipping
Refreshing native plugins compatible for Editor in 0.31 ms, found 0 plugins.
Preloading 0 native plugins for Editor in 0.00 ms.
Unloading 1110 Unused Serialized files (Serialized files now loaded: 0)
System memory in use before: 60.5 MB.
System memory in use after: 60.6 MB.

Unloading 5 unused Assets to reduce memory usage. Loaded Objects now: 1638.
Total: 3.573700 ms (FindLiveObjects: 0.185300 ms CreateObjectMapping: 0.066900 ms MarkObjects: 3.228800 ms  DeleteObjects: 0.089700 ms)

========================================================================
Received Import Request.
  Time since last request: 738.154806 seconds.
  path: Assets/Material/New Material.mat
  artifactKey: Guid(43b4cfbe365f9ba4cb77f61cc858febe) Importer(815301076,1909f56bfc062723c751e8b465ee728b)
Start importing Assets/Material/New Material.mat using Guid(43b4cfbe365f9ba4cb77f61cc858febe) Importer(815301076,1909f56bfc062723c751e8b465ee728b)  -> (artifact id: '00000000000000000000000000000000') in 0.126930 seconds
  ERROR: Build asset version error: assets/material/new material.mat in SourceAssetDB has modification time of '2022-06-08T11:55:49.5555662Z' while content on disk has modification time of '0001-01-01T00:00:00Z'
  Import took 0.131087 seconds .

========================================================================
Received Import Request.
  Time since last request: 179.671091 seconds.
  path: Assets/Scripts/CannonScript.cs
  artifactKey: Guid(66ad07b549b433f41a694d7aef1130b1) Importer(815301076,1909f56bfc062723c751e8b465ee728b)
Start importing Assets/Scripts/CannonScript.cs using Guid(66ad07b549b433f41a694d7aef1130b1) Importer(815301076,1909f56bfc062723c751e8b465ee728b)  -> (artifact id: '3219413ccefcee5b69f3b1fbd127ba9e') in 0.043681 seconds
  Import took 0.050742 seconds .

========================================================================
Received Prepare
Registering precompiled user dll's ...
Registered in 0.001203 seconds.
Begin MonoManager ReloadAssembly
Native extension for WindowsStandalone target not found
Refreshing native plugins compatible for Editor in 0.33 ms, found 0 plugins.
Preloading 0 native plugins for Editor in 0.00 ms.
Invoked RoslynAnalysisRunner static constructor.
RoslynAnalysisRunner will not be running.
RoslynAnalysisRunner has terminated.
Mono: successfully reloaded assembly
- Completed reload, in  1.834 seconds
Platform modules already initialized, skipping
Refreshing native plugins compatible for Editor in 0.30 ms, found 0 plugins.
Preloading 0 native plugins for Editor in 0.00 ms.
Unloading 1111 Unused Serialized files (Serialized files now loaded: 0)
System memory in use before: 60.6 MB.
System memory in use after: 60.7 MB.

Unloading 5 unused Assets to reduce memory usage. Loaded Objects now: 1643.
Total: 2.548300 ms (FindLiveObjects: 0.241900 ms CreateObjectMapping: 0.069200 ms MarkObjects: 2.142300 ms  DeleteObjects: 0.092800 ms)

========================================================================
Received Import Request.
  Time since last request: 399.151262 seconds.
  path: Assets/Scripts/CannonScript.cs
  artifactKey: Guid(66ad07b549b433f41a694d7aef1130b1) Importer(815301076,1909f56bfc062723c751e8b465ee728b)
Start importing Assets/Scripts/CannonScript.cs using Guid(66ad07b549b433f41a694d7aef1130b1) Importer(815301076,1909f56bfc062723c751e8b465ee728b)  -> (artifact id: 'e3dfdefce313579b833173435693eafa') in 0.032105 seconds
  Import took 0.038422 seconds .

========================================================================
Received Import Request.
  Time since last request: 0.044640 seconds.
  path: Assets/Scripts/CannonScript.cs
  artifactKey: Guid(66ad07b549b433f41a694d7aef1130b1) Importer(815301076,1909f56bfc062723c751e8b465ee728b)
Start importing Assets/Scripts/CannonScript.cs using Guid(66ad07b549b433f41a694d7aef1130b1) Importer(815301076,1909f56bfc062723c751e8b465ee728b)  -> (artifact id: 'e3dfdefce313579b833173435693eafa') in 0.012873 seconds
  Import took 0.017934 seconds .

========================================================================
Received Prepare
Registering precompiled user dll's ...
Registered in 0.001309 seconds.
Begin MonoManager ReloadAssembly
Native extension for WindowsStandalone target not found
Refreshing native plugins compatible for Editor in 0.39 ms, found 0 plugins.
Preloading 0 native plugins for Editor in 0.00 ms.
Invoked RoslynAnalysisRunner static constructor.
RoslynAnalysisRunner will not be running.
RoslynAnalysisRunner has terminated.
Mono: successfully reloaded assembly
- Completed reload, in  1.762 seconds
Platform modules already initialized, skipping
Refreshing native plugins compatible for Editor in 0.30 ms, found 0 plugins.
Preloading 0 native plugins for Editor in 0.00 ms.
Unloading 1111 Unused Serialized files (Serialized files now loaded: 0)
System memory in use before: 60.6 MB.
System memory in use after: 60.7 MB.

Unloading 5 unused Assets to reduce memory usage. Loaded Objects now: 1646.
Total: 3.331400 ms (FindLiveObjects: 0.654100 ms CreateObjectMapping: 0.094700 ms MarkObjects: 2.457000 ms  DeleteObjects: 0.107200 ms)

========================================================================
Received Prepare
Registering precompiled user dll's ...
Registered in 0.003159 seconds.
Begin MonoManager ReloadAssembly
Native extension for WindowsStandalone target not found
Refreshing native plugins compatible for Editor in 0.48 ms, found 0 plugins.
Preloading 0 native plugins for Editor in 0.00 ms.
Invoked RoslynAnalysisRunner static constructor.
RoslynAnalysisRunner will not be running.
RoslynAnalysisRunner has terminated.
Mono: successfully reloaded assembly
- Completed reload, in  2.341 seconds
Platform modules already initialized, skipping
Refreshing native plugins compatible for Editor in 0.51 ms, found 0 plugins.
Preloading 0 native plugins for Editor in 0.00 ms.
Unloading 1111 Unused Serialized files (Serialized files now loaded: 0)
System memory in use before: 60.6 MB.
System memory in use after: 60.7 MB.

Unloading 5 unused Assets to reduce memory usage. Loaded Objects now: 1649.
Total: 4.720100 ms (FindLiveObjects: 0.393000 ms CreateObjectMapping: 0.154800 ms MarkObjects: 4.046300 ms  DeleteObjects: 0.122200 ms)

========================================================================
Received Prepare
Registering precompiled user dll's ...
Registered in 0.001189 seconds.
Begin MonoManager ReloadAssembly
Native extension for WindowsStandalone target not found
Refreshing native plugins compatible for Editor in 0.32 ms, found 0 plugins.
Preloading 0 native plugins for Editor in 0.00 ms.
Invoked RoslynAnalysisRunner static constructor.
RoslynAnalysisRunner will not be running.
RoslynAnalysisRunner has terminated.
Mono: successfully reloaded assembly
- Completed reload, in  1.682 seconds
Platform modules already initialized, skipping
Refreshing native plugins compatible for Editor in 0.31 ms, found 0 plugins.
Preloading 0 native plugins for Editor in 0.00 ms.
Unloading 1111 Unused Serialized files (Serialized files now loaded: 0)
System memory in use before: 60.6 MB.
System memory in use after: 60.7 MB.

Unloading 5 unused Assets to reduce memory usage. Loaded Objects now: 1652.
Total: 2.844700 ms (FindLiveObjects: 0.332100 ms CreateObjectMapping: 0.099500 ms MarkObjects: 2.315100 ms  DeleteObjects: 0.094800 ms)

========================================================================
Received Prepare
Registering precompiled user dll's ...
Registered in 0.001783 seconds.
Begin MonoManager ReloadAssembly
Native extension for WindowsStandalone target not found
Refreshing native plugins compatible for Editor in 0.34 ms, found 0 plugins.
Preloading 0 native plugins for Editor in 0.00 ms.
Invoked RoslynAnalysisRunner static constructor.
RoslynAnalysisRunner will not be running.
RoslynAnalysisRunner has terminated.
Mono: successfully reloaded assembly
- Completed reload, in  1.612 seconds
Platform modules already initialized, skipping
Refreshing native plugins compatible for Editor in 0.31 ms, found 0 plugins.
Preloading 0 native plugins for Editor in 0.00 ms.
Unloading 1111 Unused Serialized files (Serialized files now loaded: 0)
System memory in use before: 60.6 MB.
System memory in use after: 60.7 MB.

Unloading 5 unused Assets to reduce memory usage. Loaded Objects now: 1655.
Total: 3.653600 ms (FindLiveObjects: 0.591600 ms CreateObjectMapping: 0.093800 ms MarkObjects: 2.878200 ms  DeleteObjects: 0.087200 ms)

========================================================================
Received Import Request.
  Time since last request: 578.599754 seconds.
  path: Assets/Prefabs/Cannon.prefab
  artifactKey: Guid(bb10e19879dbb924aa35371995175289) Importer(815301076,1909f56bfc062723c751e8b465ee728b)
Start importing Assets/Prefabs/Cannon.prefab using Guid(bb10e19879dbb924aa35371995175289) Importer(815301076,1909f56bfc062723c751e8b465ee728b)  -> (artifact id: '8c18dae32737d8af10d7c956af564572') in 0.165266 seconds
  Import took 0.173996 seconds .

========================================================================
Received Import Request.
  Time since last request: 0.009285 seconds.
  path: Assets/Prefabs/Cannon.prefab
  artifactKey: Guid(bb10e19879dbb924aa35371995175289) Importer(815301076,1909f56bfc062723c751e8b465ee728b)
Start importing Assets/Prefabs/Cannon.prefab using Guid(bb10e19879dbb924aa35371995175289) Importer(815301076,1909f56bfc062723c751e8b465ee728b)  -> (artifact id: '8c18dae32737d8af10d7c956af564572') in 0.024964 seconds
  Import took 0.030491 seconds .

========================================================================
Received Import Request.
  Time since last request: 1.415237 seconds.
  path: Assets/Prefabs/Player.prefab
  artifactKey: Guid(cad6332748282f84f8b699eb72fa938d) Importer(815301076,1909f56bfc062723c751e8b465ee728b)
Start importing Assets/Prefabs/Player.prefab using Guid(cad6332748282f84f8b699eb72fa938d) Importer(815301076,1909f56bfc062723c751e8b465ee728b)  -> (artifact id: 'cf386d146e531d20ca2bf1920fa47769') in 0.032349 seconds
  Import took 0.036914 seconds .

========================================================================
Received Import Request.
  Time since last request: 0.058672 seconds.
  path: Assets/Prefabs/Player.prefab
  artifactKey: Guid(cad6332748282f84f8b699eb72fa938d) Importer(815301076,1909f56bfc062723c751e8b465ee728b)
Start importing Assets/Prefabs/Player.prefab using Guid(cad6332748282f84f8b699eb72fa938d) Importer(815301076,1909f56bfc062723c751e8b465ee728b)  -> (artifact id: 'cf386d146e531d20ca2bf1920fa47769') in 0.030343 seconds
  Import took 0.034745 seconds .

========================================================================
Received Prepare
Registering precompiled user dll's ...
Registered in 0.001824 seconds.
Begin MonoManager ReloadAssembly
Native extension for WindowsStandalone target not found
Refreshing native plugins compatible for Editor in 0.33 ms, found 0 plugins.
Preloading 0 native plugins for Editor in 0.00 ms.
Invoked RoslynAnalysisRunner static constructor.
RoslynAnalysisRunner will not be running.
RoslynAnalysisRunner has terminated.
Mono: successfully reloaded assembly
- Completed reload, in  1.476 seconds
Platform modules already initialized, skipping
Refreshing native plugins compatible for Editor in 0.31 ms, found 0 plugins.
Preloading 0 native plugins for Editor in 0.00 ms.
Unloading 1111 Unused Serialized files (Serialized files now loaded: 0)
System memory in use before: 60.7 MB.
System memory in use after: 60.7 MB.

Unloading 6 unused Assets to reduce memory usage. Loaded Objects now: 1661.
Total: 2.664700 ms (FindLiveObjects: 0.295400 ms CreateObjectMapping: 0.070300 ms MarkObjects: 2.192200 ms  DeleteObjects: 0.104600 ms)

========================================================================
Received Import Request.
  Time since last request: 50.490759 seconds.
  path: Assets/Prefabs/Cannon.prefab
  artifactKey: Guid(bb10e19879dbb924aa35371995175289) Importer(815301076,1909f56bfc062723c751e8b465ee728b)
Start importing Assets/Prefabs/Cannon.prefab using Guid(bb10e19879dbb924aa35371995175289) Importer(815301076,1909f56bfc062723c751e8b465ee728b)  -> (artifact id: 'dc60e3c426e60d924d0d037495213edc') in 0.103566 seconds
  Import took 0.109657 seconds .

========================================================================
Received Prepare
Registering precompiled user dll's ...
Registered in 0.001133 seconds.
Begin MonoManager ReloadAssembly
Native extension for WindowsStandalone target not found
Refreshing native plugins compatible for Editor in 0.32 ms, found 0 plugins.
Preloading 0 native plugins for Editor in 0.00 ms.
Invoked RoslynAnalysisRunner static constructor.
RoslynAnalysisRunner will not be running.
RoslynAnalysisRunner has terminated.
Mono: successfully reloaded assembly
- Completed reload, in  1.607 seconds
Platform modules already initialized, skipping
Refreshing native plugins compatible for Editor in 0.31 ms, found 0 plugins.
Preloading 0 native plugins for Editor in 0.00 ms.
Unloading 1111 Unused Serialized files (Serialized files now loaded: 0)
System memory in use before: 60.7 MB.
System memory in use after: 60.7 MB.

Unloading 6 unused Assets to reduce memory usage. Loaded Objects now: 1665.
Total: 4.185400 ms (FindLiveObjects: 0.409100 ms CreateObjectMapping: 0.152200 ms MarkObjects: 3.495900 ms  DeleteObjects: 0.125100 ms)

========================================================================
Received Prepare
Registering precompiled user dll's ...
Registered in 0.001222 seconds.
Begin MonoManager ReloadAssembly
Native extension for WindowsStandalone target not found
Refreshing native plugins compatible for Editor in 0.35 ms, found 0 plugins.
Preloading 0 native plugins for Editor in 0.00 ms.
Invoked RoslynAnalysisRunner static constructor.
RoslynAnalysisRunner will not be running.
RoslynAnalysisRunner has terminated.
Mono: successfully reloaded assembly
- Completed reload, in  1.666 seconds
Platform modules already initialized, skipping
Refreshing native plugins compatible for Editor in 0.40 ms, found 0 plugins.
Preloading 0 native plugins for Editor in 0.00 ms.
Unloading 1111 Unused Serialized files (Serialized files now loaded: 0)
System memory in use before: 60.7 MB.
System memory in use after: 60.7 MB.

Unloading 5 unused Assets to reduce memory usage. Loaded Objects now: 1668.
Total: 2.729900 ms (FindLiveObjects: 0.369300 ms CreateObjectMapping: 0.087500 ms MarkObjects: 2.180600 ms  DeleteObjects: 0.089600 ms)

========================================================================
Received Prepare
Registering precompiled user dll's ...
Registered in 0.001659 seconds.
Begin MonoManager ReloadAssembly
Native extension for WindowsStandalone target not found
Refreshing native plugins compatible for Editor in 0.35 ms, found 0 plugins.
Preloading 0 native plugins for Editor in 0.00 ms.
Invoked RoslynAnalysisRunner static constructor.
RoslynAnalysisRunner will not be running.
RoslynAnalysisRunner has terminated.
Mono: successfully reloaded assembly
- Completed reload, in  1.649 seconds
Platform modules already initialized, skipping
Refreshing native plugins compatible for Editor in 0.31 ms, found 0 plugins.
Preloading 0 native plugins for Editor in 0.00 ms.
Unloading 1111 Unused Serialized files (Serialized files now loaded: 0)
System memory in use before: 60.7 MB.
System memory in use after: 60.8 MB.

Unloading 5 unused Assets to reduce memory usage. Loaded Objects now: 1671.
Total: 13.413300 ms (FindLiveObjects: 0.805200 ms CreateObjectMapping: 0.381000 ms MarkObjects: 12.105900 ms  DeleteObjects: 0.117700 ms)

========================================================================
Received Prepare
Registering precompiled user dll's ...
Registered in 0.001295 seconds.
Begin MonoManager ReloadAssembly
Native extension for WindowsStandalone target not found
Refreshing native plugins compatible for Editor in 0.37 ms, found 0 plugins.
Preloading 0 native plugins for Editor in 0.00 ms.
Invoked RoslynAnalysisRunner static constructor.
RoslynAnalysisRunner will not be running.
RoslynAnalysisRunner has terminated.
Mono: successfully reloaded assembly
- Completed reload, in  1.458 seconds
Platform modules already initialized, skipping
Refreshing native plugins compatible for Editor in 0.32 ms, found 0 plugins.
Preloading 0 native plugins for Editor in 0.00 ms.
Unloading 1111 Unused Serialized files (Serialized files now loaded: 0)
System memory in use before: 60.7 MB.
System memory in use after: 60.8 MB.

Unloading 5 unused Assets to reduce memory usage. Loaded Objects now: 1674.
Total: 2.655000 ms (FindLiveObjects: 0.304800 ms CreateObjectMapping: 0.087900 ms MarkObjects: 2.176600 ms  DeleteObjects: 0.083100 ms)

========================================================================
Received Import Request.
  Time since last request: 254.369765 seconds.
  path: Assets/Prefabs/brick.prefab
  artifactKey: Guid(36c5c7b42e4c2b14381c405481ea1823) Importer(815301076,1909f56bfc062723c751e8b465ee728b)
Start importing Assets/Prefabs/brick.prefab using Guid(36c5c7b42e4c2b14381c405481ea1823) Importer(815301076,1909f56bfc062723c751e8b465ee728b)  -> (artifact id: 'b107fecc35e35aae236351f2906aaf17') in 0.111313 seconds
  Import took 0.114346 seconds .

========================================================================
Received Import Request.
  Time since last request: 9.698651 seconds.
  path: Assets/Material/black.mat
  artifactKey: Guid(a8d8c4cb00586354d89e05f5496250fb) Importer(815301076,1909f56bfc062723c751e8b465ee728b)
Start importing Assets/Material/black.mat using Guid(a8d8c4cb00586354d89e05f5496250fb) Importer(815301076,1909f56bfc062723c751e8b465ee728b)  -> (artifact id: 'd1d182ef073223a52aa58e14bd9d1183') in 0.047194 seconds
  Import took 0.051306 seconds .

========================================================================
Received Import Request.
  Time since last request: 15.725779 seconds.
  path: Assets/Material/wall.mat
  artifactKey: Guid(dafbaa05614350f46a7225a227647d3b) Importer(815301076,1909f56bfc062723c751e8b465ee728b)
Start importing Assets/Material/wall.mat using Guid(dafbaa05614350f46a7225a227647d3b) Importer(815301076,1909f56bfc062723c751e8b465ee728b)  -> (artifact id: '053c0ab9044ead42e362f56ad412d43f') in 0.034979 seconds
  Import took 0.042612 seconds .

========================================================================
Received Import Request.
  Time since last request: 29.408662 seconds.
  path: Assets/Material/Player.mat
  artifactKey: Guid(edbac2d979f98ff4eb84b2d697b8b6f5) Importer(815301076,1909f56bfc062723c751e8b465ee728b)
Start importing Assets/Material/Player.mat using Guid(edbac2d979f98ff4eb84b2d697b8b6f5) Importer(815301076,1909f56bfc062723c751e8b465ee728b)  -> (artifact id: 'a54082e38ea26851ea6f97de0fe541bf') in 0.021945 seconds
  Import took 0.026467 seconds .

========================================================================
Received Prepare
Registering precompiled user dll's ...
Registered in 0.001665 seconds.
Begin MonoManager ReloadAssembly
Native extension for WindowsStandalone target not found
Refreshing native plugins compatible for Editor in 0.32 ms, found 0 plugins.
Preloading 0 native plugins for Editor in 0.00 ms.
Invoked RoslynAnalysisRunner static constructor.
RoslynAnalysisRunner will not be running.
RoslynAnalysisRunner has terminated.
Mono: successfully reloaded assembly
- Completed reload, in  1.564 seconds
Platform modules already initialized, skipping
Refreshing native plugins compatible for Editor in 0.31 ms, found 0 plugins.
Preloading 0 native plugins for Editor in 0.00 ms.
Unloading 1111 Unused Serialized files (Serialized files now loaded: 0)
System memory in use before: 60.7 MB.
System memory in use after: 60.8 MB.

Unloading 5 unused Assets to reduce memory usage. Loaded Objects now: 1678.
Total: 2.629500 ms (FindLiveObjects: 0.269600 ms CreateObjectMapping: 0.070000 ms MarkObjects: 2.189800 ms  DeleteObjects: 0.097300 ms)

========================================================================
Received Import Request.
  Time since last request: 1072.548903 seconds.
  path: ProjectSettings/TagManager.asset
  artifactKey: Guid(00000000000000003000000000000000) Importer(815301076,1909f56bfc062723c751e8b465ee728b)
Start importing ProjectSettings/TagManager.asset using Guid(00000000000000003000000000000000) Importer(815301076,1909f56bfc062723c751e8b465ee728b)  -> (artifact id: '0ab201eb1293b6fc8a1cac24eee99d69') in 0.036540 seconds
  Import took 0.041397 seconds .

========================================================================
Received Import Request.
  Time since last request: 9.093461 seconds.
  path: ProjectSettings/TagManager.asset
  artifactKey: Guid(00000000000000003000000000000000) Importer(815301076,1909f56bfc062723c751e8b465ee728b)
Start importing ProjectSettings/TagManager.asset using Guid(00000000000000003000000000000000) Importer(815301076,1909f56bfc062723c751e8b465ee728b)  -> (artifact id: '7a1009f77b0b4b313799ae6cbe2a759f') in 0.008319 seconds
  Import took 0.012502 seconds .

========================================================================
Received Import Request.
  Time since last request: 146.374254 seconds.
  path: Assets/Material/Player.mat
  artifactKey: Guid(edbac2d979f98ff4eb84b2d697b8b6f5) Importer(815301076,1909f56bfc062723c751e8b465ee728b)
Start importing Assets/Material/Player.mat using Guid(edbac2d979f98ff4eb84b2d697b8b6f5) Importer(815301076,1909f56bfc062723c751e8b465ee728b)  -> (artifact id: '7b6d29a32b037a1f7eb5d336c591268d') in 0.101006 seconds
  Import took 0.110298 seconds .

========================================================================
Received Import Request.
  Time since last request: 0.000571 seconds.
  path: Assets/Material/wall.mat
  artifactKey: Guid(dafbaa05614350f46a7225a227647d3b) Importer(815301076,1909f56bfc062723c751e8b465ee728b)
Start importing Assets/Material/wall.mat using Guid(dafbaa05614350f46a7225a227647d3b) Importer(815301076,1909f56bfc062723c751e8b465ee728b)  -> (artifact id: '94517a9cc339ec448a1ed5697037012a') in 0.031880 seconds
  Import took 0.035002 seconds .

========================================================================
Received Import Request.
  Time since last request: 6.757149 seconds.
  path: Assets/Material/Pink.mat
  artifactKey: Guid(1e27ab92ea526f740be848411294d3a3) Importer(815301076,1909f56bfc062723c751e8b465ee728b)
Start importing Assets/Material/Pink.mat using Guid(1e27ab92ea526f740be848411294d3a3) Importer(815301076,1909f56bfc062723c751e8b465ee728b)  -> (artifact id: '43fb6bf885c8b1ce801aa66a1138b1e1') in 0.029897 seconds
  Import took 0.035605 seconds .

========================================================================
Received Prepare
Registering precompiled user dll's ...
Registered in 0.001206 seconds.
Begin MonoManager ReloadAssembly
Native extension for WindowsStandalone target not found
Refreshing native plugins compatible for Editor in 0.33 ms, found 0 plugins.
Preloading 0 native plugins for Editor in 0.00 ms.
Invoked RoslynAnalysisRunner static constructor.
RoslynAnalysisRunner will not be running.
RoslynAnalysisRunner has terminated.
Mono: successfully reloaded assembly
- Completed reload, in  1.736 seconds
Platform modules already initialized, skipping
Refreshing native plugins compatible for Editor in 0.32 ms, found 0 plugins.
Preloading 0 native plugins for Editor in 0.00 ms.
Unloading 1111 Unused Serialized files (Serialized files now loaded: 0)
System memory in use before: 60.7 MB.
System memory in use after: 60.8 MB.

Unloading 7 unused Assets to reduce memory usage. Loaded Objects now: 1682.
Total: 8.397400 ms (FindLiveObjects: 0.553200 ms CreateObjectMapping: 0.108900 ms MarkObjects: 7.610700 ms  DeleteObjects: 0.121400 ms)

========================================================================
Received Prepare
Registering precompiled user dll's ...
Registered in 0.001271 seconds.
Begin MonoManager ReloadAssembly
Native extension for WindowsStandalone target not found
Refreshing native plugins compatible for Editor in 0.34 ms, found 0 plugins.
Preloading 0 native plugins for Editor in 0.00 ms.
Invoked RoslynAnalysisRunner static constructor.
RoslynAnalysisRunner will not be running.
RoslynAnalysisRunner has terminated.
Mono: successfully reloaded assembly
- Completed reload, in  1.477 seconds
Platform modules already initialized, skipping
Refreshing native plugins compatible for Editor in 0.40 ms, found 0 plugins.
Preloading 0 native plugins for Editor in 0.00 ms.
Unloading 1111 Unused Serialized files (Serialized files now loaded: 0)
System memory in use before: 60.7 MB.
System memory in use after: 60.8 MB.

Unloading 5 unused Assets to reduce memory usage. Loaded Objects now: 1685.
Total: 4.400000 ms (FindLiveObjects: 0.462900 ms CreateObjectMapping: 0.185000 ms MarkObjects: 3.469500 ms  DeleteObjects: 0.279000 ms)

========================================================================
Received Import Request.
  Time since last request: 738.843114 seconds.
  path: Assets/Material/Pink.mat
  artifactKey: Guid(1e27ab92ea526f740be848411294d3a3) Importer(815301076,1909f56bfc062723c751e8b465ee728b)
Start importing Assets/Material/Pink.mat using Guid(1e27ab92ea526f740be848411294d3a3) Importer(815301076,1909f56bfc062723c751e8b465ee728b)  -> (artifact id: '59ac028bb02ac2201106f156c6029179') in 0.129669 seconds
  Import took 0.133985 seconds .

========================================================================
Received Prepare
Registering precompiled user dll's ...
Registered in 0.007257 seconds.
Begin MonoManager ReloadAssembly
Native extension for WindowsStandalone target not found
Refreshing native plugins compatible for Editor in 0.38 ms, found 0 plugins.
Preloading 0 native plugins for Editor in 0.00 ms.
Invoked RoslynAnalysisRunner static constructor.
RoslynAnalysisRunner will not be running.
RoslynAnalysisRunner has terminated.
Mono: successfully reloaded assembly
- Completed reload, in  2.259 seconds
Platform modules already initialized, skipping
Refreshing native plugins compatible for Editor in 0.46 ms, found 0 plugins.
Preloading 0 native plugins for Editor in 0.00 ms.
Unloading 1122 Unused Serialized files (Serialized files now loaded: 0)
System memory in use before: 61.1 MB.
System memory in use after: 61.2 MB.

Unloading 8 unused Assets to reduce memory usage. Loaded Objects now: 1703.
Total: 3.701800 ms (FindLiveObjects: 0.570700 ms CreateObjectMapping: 0.213900 ms MarkObjects: 2.786800 ms  DeleteObjects: 0.126400 ms)

========================================================================
Received Prepare
Registering precompiled user dll's ...
Registered in 0.004967 seconds.
Begin MonoManager ReloadAssembly
Native extension for WindowsStandalone target not found
Refreshing native plugins compatible for Editor in 0.62 ms, found 0 plugins.
Preloading 0 native plugins for Editor in 0.00 ms.
Invoked RoslynAnalysisRunner static constructor.
RoslynAnalysisRunner will not be running.
RoslynAnalysisRunner has terminated.
Mono: successfully reloaded assembly
- Completed reload, in  3.785 seconds
Platform modules already initialized, skipping
Refreshing native plugins compatible for Editor in 0.54 ms, found 0 plugins.
Preloading 0 native plugins for Editor in 0.00 ms.
Unloading 1121 Unused Serialized files (Serialized files now loaded: 0)
System memory in use before: 61.1 MB.
System memory in use after: 61.2 MB.

Unloading 7 unused Assets to reduce memory usage. Loaded Objects now: 1706.
Total: 5.627700 ms (FindLiveObjects: 0.312700 ms CreateObjectMapping: 0.086000 ms MarkObjects: 5.101900 ms  DeleteObjects: 0.123500 ms)

========================================================================
Received Prepare
Registering precompiled user dll's ...
Registered in 0.002781 seconds.
Begin MonoManager ReloadAssembly
Native extension for WindowsStandalone target not found
Refreshing native plugins compatible for Editor in 0.34 ms, found 0 plugins.
Preloading 0 native plugins for Editor in 0.00 ms.
Invoked RoslynAnalysisRunner static constructor.
RoslynAnalysisRunner will not be running.
RoslynAnalysisRunner has terminated.
Mono: successfully reloaded assembly
- Completed reload, in  1.460 seconds
Platform modules already initialized, skipping
Refreshing native plugins compatible for Editor in 0.34 ms, found 0 plugins.
Preloading 0 native plugins for Editor in 0.00 ms.
Unloading 1121 Unused Serialized files (Serialized files now loaded: 0)
System memory in use before: 61.1 MB.
System memory in use after: 61.2 MB.

Unloading 7 unused Assets to reduce memory usage. Loaded Objects now: 1709.
Total: 3.171700 ms (FindLiveObjects: 0.237500 ms CreateObjectMapping: 0.105900 ms MarkObjects: 2.716400 ms  DeleteObjects: 0.109500 ms)

========================================================================
Received Import Request.
  Time since last request: 88458.872229 seconds.
  path: Assets/Scripts/PlayerController.cs
  artifactKey: Guid(70ea231c3eef1af40a7052450e6c847b) Importer(815301076,1909f56bfc062723c751e8b465ee728b)
Start importing Assets/Scripts/PlayerController.cs using Guid(70ea231c3eef1af40a7052450e6c847b) Importer(815301076,1909f56bfc062723c751e8b465ee728b)  -> (artifact id: 'da9a44371536696625e547e269e51258') in 0.024935 seconds
  Import took 0.029942 seconds .

========================================================================
Received Import Request.
  Time since last request: 0.001013 seconds.
  path: Assets/Scripts/PlayerController.cs
  artifactKey: Guid(70ea231c3eef1af40a7052450e6c847b) Importer(815301076,1909f56bfc062723c751e8b465ee728b)
Start importing Assets/Scripts/PlayerController.cs using Guid(70ea231c3eef1af40a7052450e6c847b) Importer(815301076,1909f56bfc062723c751e8b465ee728b)  -> (artifact id: 'da9a44371536696625e547e269e51258') in 0.013908 seconds
  Import took 0.018776 seconds .

========================================================================
Received Prepare
Registering precompiled user dll's ...
Registered in 0.002846 seconds.
Begin MonoManager ReloadAssembly
Native extension for WindowsStandalone target not found
Refreshing native plugins compatible for Editor in 0.37 ms, found 0 plugins.
Preloading 0 native plugins for Editor in 0.00 ms.
Invoked RoslynAnalysisRunner static constructor.
RoslynAnalysisRunner will not be running.
RoslynAnalysisRunner has terminated.
Mono: successfully reloaded assembly
- Completed reload, in  1.722 seconds
Platform modules already initialized, skipping
Refreshing native plugins compatible for Editor in 0.36 ms, found 0 plugins.
Preloading 0 native plugins for Editor in 0.00 ms.
Unloading 1121 Unused Serialized files (Serialized files now loaded: 0)
System memory in use before: 61.1 MB.
System memory in use after: 61.2 MB.

Unloading 7 unused Assets to reduce memory usage. Loaded Objects now: 1712.
Total: 3.360800 ms (FindLiveObjects: 0.327300 ms CreateObjectMapping: 0.087000 ms MarkObjects: 2.840500 ms  DeleteObjects: 0.102900 ms)

========================================================================
Received Import Request.
  Time since last request: 187.826736 seconds.
  path: Assets/Scripts/PlayerController.cs
  artifactKey: Guid(70ea231c3eef1af40a7052450e6c847b) Importer(815301076,1909f56bfc062723c751e8b465ee728b)
Start importing Assets/Scripts/PlayerController.cs using Guid(70ea231c3eef1af40a7052450e6c847b) Importer(815301076,1909f56bfc062723c751e8b465ee728b)  -> (artifact id: '1e994f4a64abc155762fa55d8312661a') in 0.014137 seconds
  Import took 0.019458 seconds .

========================================================================
Received Import Request.
  Time since last request: 385.321620 seconds.
  path: Assets/Prefabs/Ball.prefab
  artifactKey: Guid(d435a40e247021344baeb8e3390e11c2) Importer(815301076,1909f56bfc062723c751e8b465ee728b)
Start importing Assets/Prefabs/Ball.prefab using Guid(d435a40e247021344baeb8e3390e11c2) Importer(815301076,1909f56bfc062723c751e8b465ee728b)  -> (artifact id: '81bbf13c49d9dca16c15df4500b2ae84') in 0.212650 seconds
  Import took 0.220498 seconds .

========================================================================
Received Prepare
Registering precompiled user dll's ...
Registered in 0.006082 seconds.
Begin MonoManager ReloadAssembly
Native extension for WindowsStandalone target not found
Refreshing native plugins compatible for Editor in 0.35 ms, found 0 plugins.
Preloading 0 native plugins for Editor in 0.00 ms.
Invoked RoslynAnalysisRunner static constructor.
RoslynAnalysisRunner will not be running.
RoslynAnalysisRunner has terminated.
Mono: successfully reloaded assembly
- Completed reload, in  1.757 seconds
Platform modules already initialized, skipping
Refreshing native plugins compatible for Editor in 0.33 ms, found 0 plugins.
Preloading 0 native plugins for Editor in 0.00 ms.
Unloading 1121 Unused Serialized files (Serialized files now loaded: 0)
System memory in use before: 61.1 MB.
System memory in use after: 61.2 MB.

Unloading 8 unused Assets to reduce memory usage. Loaded Objects now: 1716.
Total: 2.719700 ms (FindLiveObjects: 0.187900 ms CreateObjectMapping: 0.066600 ms MarkObjects: 2.372700 ms  DeleteObjects: 0.090100 ms)

========================================================================
Received Import Request.
  Time since last request: 236.159041 seconds.
  path: Assets/Scripts/GameManager.cs
  artifactKey: Guid(39c76f67203bfc04d8ffeaac169a8c12) Importer(815301076,1909f56bfc062723c751e8b465ee728b)
Start importing Assets/Scripts/GameManager.cs using Guid(39c76f67203bfc04d8ffeaac169a8c12) Importer(815301076,1909f56bfc062723c751e8b465ee728b)  -> (artifact id: '2cca88c303cd652cfa843905fdca5cee') in 0.041474 seconds
  Import took 0.053743 seconds .

========================================================================
Received Import Request.
  Time since last request: 0.009401 seconds.
  path: Assets/Scripts/GameManager.cs
  artifactKey: Guid(39c76f67203bfc04d8ffeaac169a8c12) Importer(815301076,1909f56bfc062723c751e8b465ee728b)
Start importing Assets/Scripts/GameManager.cs using Guid(39c76f67203bfc04d8ffeaac169a8c12) Importer(815301076,1909f56bfc062723c751e8b465ee728b)  -> (artifact id: '2cca88c303cd652cfa843905fdca5cee') in 0.019505 seconds
  Import took 0.033001 seconds .

========================================================================
Received Prepare
Registering precompiled user dll's ...
Registered in 0.003079 seconds.
Begin MonoManager ReloadAssembly
Native extension for WindowsStandalone target not found
Refreshing native plugins compatible for Editor in 0.35 ms, found 0 plugins.
Preloading 0 native plugins for Editor in 0.00 ms.
Invoked RoslynAnalysisRunner static constructor.
RoslynAnalysisRunner will not be running.
RoslynAnalysisRunner has terminated.
Mono: successfully reloaded assembly
- Completed reload, in  1.709 seconds
Platform modules already initialized, skipping
Refreshing native plugins compatible for Editor in 0.33 ms, found 0 plugins.
Preloading 0 native plugins for Editor in 0.00 ms.
Unloading 1122 Unused Serialized files (Serialized files now loaded: 0)
System memory in use before: 61.2 MB.
System memory in use after: 61.2 MB.

Unloading 7 unused Assets to reduce memory usage. Loaded Objects now: 1720.
Total: 3.893000 ms (FindLiveObjects: 0.946100 ms CreateObjectMapping: 0.081900 ms MarkObjects: 2.768800 ms  DeleteObjects: 0.092900 ms)

========================================================================
Received Prepare
Registering precompiled user dll's ...
Registered in 0.003684 seconds.
Begin MonoManager ReloadAssembly
Native extension for WindowsStandalone target not found
Refreshing native plugins compatible for Editor in 0.40 ms, found 0 plugins.
Preloading 0 native plugins for Editor in 0.00 ms.
Invoked RoslynAnalysisRunner static constructor.
RoslynAnalysisRunner will not be running.
RoslynAnalysisRunner has terminated.
Mono: successfully reloaded assembly
- Completed reload, in  1.633 seconds
Platform modules already initialized, skipping
Refreshing native plugins compatible for Editor in 0.40 ms, found 0 plugins.
Preloading 0 native plugins for Editor in 0.00 ms.
Unloading 1122 Unused Serialized files (Serialized files now loaded: 0)
System memory in use before: 61.2 MB.
System memory in use after: 61.2 MB.

Unloading 7 unused Assets to reduce memory usage. Loaded Objects now: 1723.
Total: 3.446100 ms (FindLiveObjects: 0.326000 ms CreateObjectMapping: 0.067400 ms MarkObjects: 2.956000 ms  DeleteObjects: 0.093000 ms)

========================================================================
Received Prepare
Registering precompiled user dll's ...
Registered in 0.004385 seconds.
Begin MonoManager ReloadAssembly
Native extension for WindowsStandalone target not found
Refreshing native plugins compatible for Editor in 0.39 ms, found 0 plugins.
Preloading 0 native plugins for Editor in 0.00 ms.
Invoked RoslynAnalysisRunner static constructor.
RoslynAnalysisRunner will not be running.
RoslynAnalysisRunner has terminated.
Mono: successfully reloaded assembly
- Completed reload, in  1.558 seconds
Platform modules already initialized, skipping
Refreshing native plugins compatible for Editor in 0.34 ms, found 0 plugins.
Preloading 0 native plugins for Editor in 0.00 ms.
Unloading 1122 Unused Serialized files (Serialized files now loaded: 0)
System memory in use before: 61.2 MB.
System memory in use after: 61.3 MB.

Unloading 7 unused Assets to reduce memory usage. Loaded Objects now: 1726.
Total: 4.742600 ms (FindLiveObjects: 0.473300 ms CreateObjectMapping: 0.226500 ms MarkObjects: 3.919400 ms  DeleteObjects: 0.119900 ms)

========================================================================
Received Prepare
Registering precompiled user dll's ...
Registered in 0.005369 seconds.
Begin MonoManager ReloadAssembly
Native extension for WindowsStandalone target not found
Refreshing native plugins compatible for Editor in 0.50 ms, found 0 plugins.
Preloading 0 native plugins for Editor in 0.00 ms.
Invoked RoslynAnalysisRunner static constructor.
RoslynAnalysisRunner will not be running.
RoslynAnalysisRunner has terminated.
Mono: successfully reloaded assembly
- Completed reload, in  1.699 seconds
Platform modules already initialized, skipping
Refreshing native plugins compatible for Editor in 0.36 ms, found 0 plugins.
Preloading 0 native plugins for Editor in 0.00 ms.
Unloading 1122 Unused Serialized files (Serialized files now loaded: 0)
System memory in use before: 61.2 MB.
System memory in use after: 61.3 MB.

Unloading 7 unused Assets to reduce memory usage. Loaded Objects now: 1729.
Total: 3.563800 ms (FindLiveObjects: 0.801100 ms CreateObjectMapping: 0.158600 ms MarkObjects: 2.496000 ms  DeleteObjects: 0.104000 ms)

========================================================================
Received Prepare
Registering precompiled user dll's ...
Registered in 0.006599 seconds.
Begin MonoManager ReloadAssembly
Native extension for WindowsStandalone target not found
Refreshing native plugins compatible for Editor in 1.00 ms, found 0 plugins.
Preloading 0 native plugins for Editor in 0.00 ms.
Invoked RoslynAnalysisRunner static constructor.
RoslynAnalysisRunner will not be running.
RoslynAnalysisRunner has terminated.
Mono: successfully reloaded assembly
- Completed reload, in  1.609 seconds
Platform modules already initialized, skipping
Refreshing native plugins compatible for Editor in 0.37 ms, found 0 plugins.
Preloading 0 native plugins for Editor in 0.00 ms.
Unloading 1122 Unused Serialized files (Serialized files now loaded: 0)
System memory in use before: 61.2 MB.
System memory in use after: 61.3 MB.

Unloading 7 unused Assets to reduce memory usage. Loaded Objects now: 1732.
Total: 2.596800 ms (FindLiveObjects: 0.191500 ms CreateObjectMapping: 0.066000 ms MarkObjects: 2.245600 ms  DeleteObjects: 0.091100 ms)

========================================================================
Received Prepare
Registering precompiled user dll's ...
Registered in 0.005380 seconds.
Begin MonoManager ReloadAssembly
Native extension for WindowsStandalone target not found
Refreshing native plugins compatible for Editor in 0.37 ms, found 0 plugins.
Preloading 0 native plugins for Editor in 0.00 ms.
Invoked RoslynAnalysisRunner static constructor.
RoslynAnalysisRunner will not be running.
RoslynAnalysisRunner has terminated.
Mono: successfully reloaded assembly
- Completed reload, in  1.648 seconds
Platform modules already initialized, skipping
Refreshing native plugins compatible for Editor in 0.33 ms, found 0 plugins.
Preloading 0 native plugins for Editor in 0.00 ms.
Unloading 1122 Unused Serialized files (Serialized files now loaded: 0)
System memory in use before: 61.2 MB.
System memory in use after: 61.3 MB.

Unloading 7 unused Assets to reduce memory usage. Loaded Objects now: 1735.
Total: 3.449700 ms (FindLiveObjects: 0.222900 ms CreateObjectMapping: 0.065400 ms MarkObjects: 3.061900 ms  DeleteObjects: 0.096300 ms)

========================================================================
Received Import Request.
  Time since last request: 744.649580 seconds.
  path: Assets/Prefabs/Ball.prefab
  artifactKey: Guid(d435a40e247021344baeb8e3390e11c2) Importer(815301076,1909f56bfc062723c751e8b465ee728b)
Start importing Assets/Prefabs/Ball.prefab using Guid(d435a40e247021344baeb8e3390e11c2) Importer(815301076,1909f56bfc062723c751e8b465ee728b)  -> (artifact id: 'df92a07ce77b0b488f36561dc5d9216e') in 0.122137 seconds
  Import took 0.127634 seconds .

========================================================================
Received Import Request.
  Time since last request: 12.930054 seconds.
  path: Assets/Prefabs/Ball.prefab
  artifactKey: Guid(d435a40e247021344baeb8e3390e11c2) Importer(815301076,1909f56bfc062723c751e8b465ee728b)
Start importing Assets/Prefabs/Ball.prefab using Guid(d435a40e247021344baeb8e3390e11c2) Importer(815301076,1909f56bfc062723c751e8b465ee728b)  -> (artifact id: 'e9aba7985caa983a3b700fae0d36a7db') in 0.035739 seconds
  Import took 0.041179 seconds .

========================================================================
Received Prepare
Registering precompiled user dll's ...
Registered in 0.046854 seconds.
Begin MonoManager ReloadAssembly
Native extension for WindowsStandalone target not found
Refreshing native plugins compatible for Editor in 0.35 ms, found 0 plugins.
Preloading 0 native plugins for Editor in 0.00 ms.
Invoked RoslynAnalysisRunner static constructor.
RoslynAnalysisRunner will not be running.
RoslynAnalysisRunner has terminated.
Mono: successfully reloaded assembly
- Completed reload, in  2.129 seconds
Platform modules already initialized, skipping
Refreshing native plugins compatible for Editor in 0.33 ms, found 0 plugins.
Preloading 0 native plugins for Editor in 0.00 ms.
Unloading 1123 Unused Serialized files (Serialized files now loaded: 0)
System memory in use before: 61.2 MB.
System memory in use after: 61.3 MB.

Unloading 8 unused Assets to reduce memory usage. Loaded Objects now: 1740.
Total: 3.609400 ms (FindLiveObjects: 0.306800 ms CreateObjectMapping: 0.079600 ms MarkObjects: 3.094400 ms  DeleteObjects: 0.125100 ms)

========================================================================
Received Import Request.
  Time since last request: 249.725383 seconds.
  path: Assets/Scripts/FinalBalls.cs
  artifactKey: Guid(8b728dda2aad35d46a4b986fd35f3ce2) Importer(815301076,1909f56bfc062723c751e8b465ee728b)
Start importing Assets/Scripts/FinalBalls.cs using Guid(8b728dda2aad35d46a4b986fd35f3ce2) Importer(815301076,1909f56bfc062723c751e8b465ee728b)  -> (artifact id: '4d41482f4c9a4d0ce79d46906f273338') in 0.017232 seconds
  Import took 0.021760 seconds .

========================================================================
Received Prepare
Registering precompiled user dll's ...
Registered in 0.002799 seconds.
Begin MonoManager ReloadAssembly
Native extension for WindowsStandalone target not found
Refreshing native plugins compatible for Editor in 0.35 ms, found 0 plugins.
Preloading 0 native plugins for Editor in 0.00 ms.
Invoked RoslynAnalysisRunner static constructor.
RoslynAnalysisRunner will not be running.
RoslynAnalysisRunner has terminated.
Mono: successfully reloaded assembly
- Completed reload, in  1.833 seconds
Platform modules already initialized, skipping
Refreshing native plugins compatible for Editor in 0.45 ms, found 0 plugins.
Preloading 0 native plugins for Editor in 0.00 ms.
Unloading 1123 Unused Serialized files (Serialized files now loaded: 0)
System memory in use before: 61.2 MB.
System memory in use after: 61.3 MB.

Unloading 7 unused Assets to reduce memory usage. Loaded Objects now: 1743.
Total: 4.399400 ms (FindLiveObjects: 1.355100 ms CreateObjectMapping: 0.130400 ms MarkObjects: 2.817200 ms  DeleteObjects: 0.092900 ms)

========================================================================
Received Prepare
Registering precompiled user dll's ...
Registered in 0.003077 seconds.
Begin MonoManager ReloadAssembly
Native extension for WindowsStandalone target not found
Refreshing native plugins compatible for Editor in 0.35 ms, found 0 plugins.
Preloading 0 native plugins for Editor in 0.00 ms.
Invoked RoslynAnalysisRunner static constructor.
RoslynAnalysisRunner will not be running.
RoslynAnalysisRunner has terminated.
Mono: successfully reloaded assembly
- Completed reload, in  1.769 seconds
Platform modules already initialized, skipping
Refreshing native plugins compatible for Editor in 0.33 ms, found 0 plugins.
Preloading 0 native plugins for Editor in 0.00 ms.
Unloading 1123 Unused Serialized files (Serialized files now loaded: 0)
System memory in use before: 61.2 MB.
System memory in use after: 61.3 MB.

Unloading 7 unused Assets to reduce memory usage. Loaded Objects now: 1746.
Total: 3.991200 ms (FindLiveObjects: 0.497100 ms CreateObjectMapping: 0.155200 ms MarkObjects: 3.242700 ms  DeleteObjects: 0.093400 ms)

========================================================================
Received Prepare
Registering precompiled user dll's ...
Registered in 0.004654 seconds.
Begin MonoManager ReloadAssembly
Native extension for WindowsStandalone target not found
Refreshing native plugins compatible for Editor in 0.35 ms, found 0 plugins.
Preloading 0 native plugins for Editor in 0.00 ms.
Invoked RoslynAnalysisRunner static constructor.
RoslynAnalysisRunner will not be running.
RoslynAnalysisRunner has terminated.
Mono: successfully reloaded assembly
- Completed reload, in  1.765 seconds
Platform modules already initialized, skipping
Refreshing native plugins compatible for Editor in 0.33 ms, found 0 plugins.
Preloading 0 native plugins for Editor in 0.00 ms.
Unloading 1123 Unused Serialized files (Serialized files now loaded: 0)
System memory in use before: 61.2 MB.
System memory in use after: 61.3 MB.

Unloading 7 unused Assets to reduce memory usage. Loaded Objects now: 1749.
Total: 3.301600 ms (FindLiveObjects: 0.565200 ms CreateObjectMapping: 0.141000 ms MarkObjects: 2.506000 ms  DeleteObjects: 0.087100 ms)

========================================================================
Received Prepare
Registering precompiled user dll's ...
Registered in 0.003500 seconds.
Begin MonoManager ReloadAssembly
Native extension for WindowsStandalone target not found
Refreshing native plugins compatible for Editor in 0.37 ms, found 0 plugins.
Preloading 0 native plugins for Editor in 0.00 ms.
Invoked RoslynAnalysisRunner static constructor.
RoslynAnalysisRunner will not be running.
RoslynAnalysisRunner has terminated.
Mono: successfully reloaded assembly
- Completed reload, in  1.725 seconds
Platform modules already initialized, skipping
Refreshing native plugins compatible for Editor in 0.33 ms, found 0 plugins.
Preloading 0 native plugins for Editor in 0.00 ms.
Unloading 1123 Unused Serialized files (Serialized files now loaded: 0)
System memory in use before: 61.2 MB.
System memory in use after: 61.3 MB.

Unloading 7 unused Assets to reduce memory usage. Loaded Objects now: 1752.
Total: 3.327500 ms (FindLiveObjects: 0.565100 ms CreateObjectMapping: 0.148900 ms MarkObjects: 2.454500 ms  DeleteObjects: 0.156000 ms)

========================================================================
Received Prepare
Registering precompiled user dll's ...
Registered in 0.005601 seconds.
Begin MonoManager ReloadAssembly
Native extension for WindowsStandalone target not found
Refreshing native plugins compatible for Editor in 0.34 ms, found 0 plugins.
Preloading 0 native plugins for Editor in 0.00 ms.
Invoked RoslynAnalysisRunner static constructor.
RoslynAnalysisRunner will not be running.
RoslynAnalysisRunner has terminated.
Mono: successfully reloaded assembly
- Completed reload, in  1.716 seconds
Platform modules already initialized, skipping
Refreshing native plugins compatible for Editor in 0.32 ms, found 0 plugins.
Preloading 0 native plugins for Editor in 0.00 ms.
Unloading 1123 Unused Serialized files (Serialized files now loaded: 0)
System memory in use before: 61.2 MB.
System memory in use after: 61.3 MB.

Unloading 7 unused Assets to reduce memory usage. Loaded Objects now: 1755.
Total: 2.689200 ms (FindLiveObjects: 0.209000 ms CreateObjectMapping: 0.067600 ms MarkObjects: 2.312200 ms  DeleteObjects: 0.097700 ms)

========================================================================
Received Import Request.
  Time since last request: 529.675561 seconds.
  path: Assets/Prefabs/Ball.prefab
  artifactKey: Guid(d435a40e247021344baeb8e3390e11c2) Importer(815301076,1909f56bfc062723c751e8b465ee728b)
Start importing Assets/Prefabs/Ball.prefab using Guid(d435a40e247021344baeb8e3390e11c2) Importer(815301076,1909f56bfc062723c751e8b465ee728b)  -> (artifact id: '00153bd3ac56ff0a6f28ba51c531519f') in 0.109346 seconds
  Import took 0.113175 seconds .

========================================================================
Received Prepare
Registering precompiled user dll's ...
Registered in 0.004844 seconds.
Begin MonoManager ReloadAssembly
Native extension for WindowsStandalone target not found
Refreshing native plugins compatible for Editor in 0.52 ms, found 0 plugins.
Preloading 0 native plugins for Editor in 0.00 ms.
Invoked RoslynAnalysisRunner static constructor.
RoslynAnalysisRunner will not be running.
RoslynAnalysisRunner has terminated.
Mono: successfully reloaded assembly
- Completed reload, in  1.822 seconds
Platform modules already initialized, skipping
Refreshing native plugins compatible for Editor in 0.34 ms, found 0 plugins.
Preloading 0 native plugins for Editor in 0.00 ms.
Unloading 1123 Unused Serialized files (Serialized files now loaded: 0)
System memory in use before: 61.3 MB.
System memory in use after: 61.3 MB.

Unloading 8 unused Assets to reduce memory usage. Loaded Objects now: 1759.
Total: 4.034800 ms (FindLiveObjects: 0.275800 ms CreateObjectMapping: 0.137000 ms MarkObjects: 3.514200 ms  DeleteObjects: 0.105000 ms)

========================================================================
Received Prepare
Registering precompiled user dll's ...
Registered in 0.003588 seconds.
Begin MonoManager ReloadAssembly
Native extension for WindowsStandalone target not found
Refreshing native plugins compatible for Editor in 0.38 ms, found 0 plugins.
Preloading 0 native plugins for Editor in 0.00 ms.
Invoked RoslynAnalysisRunner static constructor.
RoslynAnalysisRunner will not be running.
RoslynAnalysisRunner has terminated.
Mono: successfully reloaded assembly
- Completed reload, in  1.491 seconds
Platform modules already initialized, skipping
Refreshing native plugins compatible for Editor in 0.34 ms, found 0 plugins.
Preloading 0 native plugins for Editor in 0.00 ms.
Unloading 1123 Unused Serialized files (Serialized files now loaded: 0)
System memory in use before: 61.3 MB.
System memory in use after: 61.3 MB.

Unloading 7 unused Assets to reduce memory usage. Loaded Objects now: 1762.
Total: 4.911900 ms (FindLiveObjects: 0.597700 ms CreateObjectMapping: 0.217400 ms MarkObjects: 3.967700 ms  DeleteObjects: 0.125800 ms)

========================================================================
Received Import Request.
  Time since last request: 346.242989 seconds.
  path: Assets/Material/Gold.mat
  artifactKey: Guid(a273ab35261d864408e2083e775a6a27) Importer(815301076,1909f56bfc062723c751e8b465ee728b)
Start importing Assets/Material/Gold.mat using Guid(a273ab35261d864408e2083e775a6a27) Importer(815301076,1909f56bfc062723c751e8b465ee728b)  -> (artifact id: 'aa1b7b5201eee430952912f44a7ae11c') in 0.132895 seconds
  Import took 0.136858 seconds .

========================================================================
Received Prepare
Registering precompiled user dll's ...
Registered in 0.005919 seconds.
Begin MonoManager ReloadAssembly
Native extension for WindowsStandalone target not found
Refreshing native plugins compatible for Editor in 0.34 ms, found 0 plugins.
Preloading 0 native plugins for Editor in 0.00 ms.
Invoked RoslynAnalysisRunner static constructor.
RoslynAnalysisRunner will not be running.
RoslynAnalysisRunner has terminated.
Mono: successfully reloaded assembly
- Completed reload, in  1.725 seconds
Platform modules already initialized, skipping
Refreshing native plugins compatible for Editor in 0.58 ms, found 0 plugins.
Preloading 0 native plugins for Editor in 0.00 ms.
Unloading 1123 Unused Serialized files (Serialized files now loaded: 0)
System memory in use before: 61.3 MB.
System memory in use after: 61.4 MB.

Unloading 7 unused Assets to reduce memory usage. Loaded Objects now: 1766.
Total: 2.625500 ms (FindLiveObjects: 0.197200 ms CreateObjectMapping: 0.067100 ms MarkObjects: 2.270500 ms  DeleteObjects: 0.088400 ms)

========================================================================
Received Prepare
Registering precompiled user dll's ...
Registered in 0.002837 seconds.
Begin MonoManager ReloadAssembly
Native extension for WindowsStandalone target not found
Refreshing native plugins compatible for Editor in 0.50 ms, found 0 plugins.
Preloading 0 native plugins for Editor in 0.00 ms.
Invoked RoslynAnalysisRunner static constructor.
RoslynAnalysisRunner will not be running.
RoslynAnalysisRunner has terminated.
Mono: successfully reloaded assembly
- Completed reload, in  1.788 seconds
Platform modules already initialized, skipping
Refreshing native plugins compatible for Editor in 0.57 ms, found 0 plugins.
Preloading 0 native plugins for Editor in 0.00 ms.
Unloading 1123 Unused Serialized files (Serialized files now loaded: 0)
System memory in use before: 61.3 MB.
System memory in use after: 61.4 MB.

Unloading 7 unused Assets to reduce memory usage. Loaded Objects now: 1769.
Total: 3.159900 ms (FindLiveObjects: 0.424800 ms CreateObjectMapping: 0.240600 ms MarkObjects: 2.391600 ms  DeleteObjects: 0.099200 ms)

========================================================================
Received Prepare
Registering precompiled user dll's ...
Registered in 0.004356 seconds.
Begin MonoManager ReloadAssembly
Native extension for WindowsStandalone target not found
Refreshing native plugins compatible for Editor in 0.44 ms, found 0 plugins.
Preloading 0 native plugins for Editor in 0.00 ms.
Invoked RoslynAnalysisRunner static constructor.
RoslynAnalysisRunner will not be running.
RoslynAnalysisRunner has terminated.
Mono: successfully reloaded assembly
- Completed reload, in  1.488 seconds
Platform modules already initialized, skipping
Refreshing native plugins compatible for Editor in 0.33 ms, found 0 plugins.
Preloading 0 native plugins for Editor in 0.00 ms.
Unloading 1123 Unused Serialized files (Serialized files now loaded: 0)
System memory in use before: 61.3 MB.
System memory in use after: 61.4 MB.

Unloading 7 unused Assets to reduce memory usage. Loaded Objects now: 1772.
Total: 3.596000 ms (FindLiveObjects: 0.398100 ms CreateObjectMapping: 0.106900 ms MarkObjects: 2.991200 ms  DeleteObjects: 0.096500 ms)

========================================================================
Received Prepare
Registering precompiled user dll's ...
Registered in 0.002811 seconds.
Begin MonoManager ReloadAssembly
Native extension for WindowsStandalone target not found
Refreshing native plugins compatible for Editor in 0.34 ms, found 0 plugins.
Preloading 0 native plugins for Editor in 0.00 ms.
Invoked RoslynAnalysisRunner static constructor.
RoslynAnalysisRunner will not be running.
RoslynAnalysisRunner has terminated.
Mono: successfully reloaded assembly
- Completed reload, in  1.805 seconds
Platform modules already initialized, skipping
Refreshing native plugins compatible for Editor in 0.33 ms, found 0 plugins.
Preloading 0 native plugins for Editor in 0.00 ms.
Unloading 1123 Unused Serialized files (Serialized files now loaded: 0)
System memory in use before: 61.3 MB.
System memory in use after: 61.4 MB.

Unloading 7 unused Assets to reduce memory usage. Loaded Objects now: 1775.
Total: 4.111600 ms (FindLiveObjects: 0.389800 ms CreateObjectMapping: 0.132400 ms MarkObjects: 3.445300 ms  DeleteObjects: 0.139700 ms)

========================================================================
Received Prepare
Registering precompiled user dll's ...
Registered in 0.002629 seconds.
Begin MonoManager ReloadAssembly
Native extension for WindowsStandalone target not found
Refreshing native plugins compatible for Editor in 0.33 ms, found 0 plugins.
Preloading 0 native plugins for Editor in 0.00 ms.
Invoked RoslynAnalysisRunner static constructor.
RoslynAnalysisRunner will not be running.
RoslynAnalysisRunner has terminated.
Mono: successfully reloaded assembly
- Completed reload, in  1.685 seconds
Platform modules already initialized, skipping
Refreshing native plugins compatible for Editor in 0.33 ms, found 0 plugins.
Preloading 0 native plugins for Editor in 0.00 ms.
Unloading 1123 Unused Serialized files (Serialized files now loaded: 0)
System memory in use before: 61.3 MB.
System memory in use after: 61.4 MB.

Unloading 7 unused Assets to reduce memory usage. Loaded Objects now: 1778.
Total: 2.766600 ms (FindLiveObjects: 0.333900 ms CreateObjectMapping: 0.093100 ms MarkObjects: 2.239800 ms  DeleteObjects: 0.097300 ms)

========================================================================
Received Import Request.
  Time since last request: 1617.371166 seconds.
  path: Assets/Material/Gold.mat
  artifactKey: Guid(a273ab35261d864408e2083e775a6a27) Importer(815301076,1909f56bfc062723c751e8b465ee728b)
Start importing Assets/Material/Gold.mat using Guid(a273ab35261d864408e2083e775a6a27) Importer(815301076,1909f56bfc062723c751e8b465ee728b)  -> (artifact id: '2237b27f91f46dffa45c9a0102d532d6') in 0.165676 seconds
  Import took 0.171476 seconds .

========================================================================
Received Prepare
Registering precompiled user dll's ...
Registered in 0.003506 seconds.
Begin MonoManager ReloadAssembly
Native extension for WindowsStandalone target not found
Refreshing native plugins compatible for Editor in 0.37 ms, found 0 plugins.
Preloading 0 native plugins for Editor in 0.00 ms.
Invalid AssetDatabase path: /Editor/EditorResources/cm_logo_sm.png. Use path relative to the project folder.
UnityEngine.StackTraceUtility:ExtractStackTrace ()
UnityEditor.AssetDatabase:LoadAssetAtPath<UnityEngine.Texture2D> (string)
Cinemachine.Editor.CinemachineSettings:get_CinemachineLogoTexture () (at Library/PackageCache/com.unity.cinemachine@2.6.15/Editor/Windows/CinemachineSettings.cs:205)
Cinemachine.Editor.CinemachineSettings:.cctor () (at Library/PackageCache/com.unity.cinemachine@2.6.15/Editor/Windows/CinemachineSettings.cs:261)
Cinemachine.CinemachineColliderPrefs:.cctor () (at Library/PackageCache/com.unity.cinemachine@2.6.15/Editor/Windows/CinemachineColliderPrefs.cs:61)
System.Runtime.CompilerServices.RuntimeHelpers:RunClassConstructor (System.RuntimeTypeHandle)
UnityEditor.EditorAssemblies:ProcessInitializeOnLoadAttributes (System.Type[])

[Library/PackageCache/com.unity.cinemachine@2.6.15/Editor/Windows/CinemachineSettings.cs line 205]

Invoked RoslynAnalysisRunner static constructor.
RoslynAnalysisRunner will not be running.
RoslynAnalysisRunner has terminated.
Invalid AssetDatabase path: /Editor/EditorResources/cm_logo_sm.png. Use path relative to the project folder.
UnityEngine.StackTraceUtility:ExtractStackTrace ()
UnityEditor.AssetDatabase:LoadAssetAtPath<UnityEngine.Texture2D> (string)
Cinemachine.Editor.CinemachineSettings:get_CinemachineLogoTexture () (at Library/PackageCache/com.unity.cinemachine@2.6.15/Editor/Windows/CinemachineSettings.cs:205)
Cinemachine.Editor.CinemachineSettings:OnPackageLoadedInEditor () (at Library/PackageCache/com.unity.cinemachine@2.6.15/Editor/Windows/CinemachineSettings.cs:246)

[Library/PackageCache/com.unity.cinemachine@2.6.15/Editor/Windows/CinemachineSettings.cs line 205]

Mono: successfully reloaded assembly
- Completed reload, in  2.764 seconds
Platform modules already initialized, skipping
Refreshing native plugins compatible for Editor in 0.37 ms, found 0 plugins.
Preloading 0 native plugins for Editor in 0.00 ms.
Unloading 1270 Unused Serialized files (Serialized files now loaded: 0)
System memory in use before: 66.2 MB.
System memory in use after: 66.3 MB.

Unloading 8 unused Assets to reduce memory usage. Loaded Objects now: 1928.
Total: 2.919400 ms (FindLiveObjects: 0.248700 ms CreateObjectMapping: 0.074800 ms MarkObjects: 2.471500 ms  DeleteObjects: 0.121000 ms)

========================================================================
Received Import Request.
  Time since last request: 272.573229 seconds.
  path: Assets/Prefabs/Player.prefab
  artifactKey: Guid(cad6332748282f84f8b699eb72fa938d) Importer(815301076,1909f56bfc062723c751e8b465ee728b)
Start importing Assets/Prefabs/Player.prefab using Guid(cad6332748282f84f8b699eb72fa938d) Importer(815301076,1909f56bfc062723c751e8b465ee728b)  -> (artifact id: 'f83563f5bd19eeaaa73b1f419b1d6f60') in 0.162871 seconds
  Import took 0.167435 seconds .

========================================================================
Received Import Request.
  Time since last request: 3.836446 seconds.
  path: Assets/Prefabs/Player 1.prefab
  artifactKey: Guid(5d136579756690f42a55eb09a07d3668) Importer(815301076,1909f56bfc062723c751e8b465ee728b)
Start importing Assets/Prefabs/Player 1.prefab using Guid(5d136579756690f42a55eb09a07d3668) Importer(815301076,1909f56bfc062723c751e8b465ee728b)  -> (artifact id: '049892e0892fab02739c2966985c049f') in 0.047625 seconds
  Import took 0.052439 seconds .

========================================================================
Received Import Request.
  Time since last request: 0.041393 seconds.
  path: Assets/Prefabs/Player 1.prefab
  artifactKey: Guid(5d136579756690f42a55eb09a07d3668) Importer(815301076,1909f56bfc062723c751e8b465ee728b)
Start importing Assets/Prefabs/Player 1.prefab using Guid(5d136579756690f42a55eb09a07d3668) Importer(815301076,1909f56bfc062723c751e8b465ee728b)  -> (artifact id: '049892e0892fab02739c2966985c049f') in 0.040646 seconds
  Import took 0.047154 seconds .

========================================================================
Received Import Request.
  Time since last request: 10.408566 seconds.
  path: Assets/Prefabs/Player.prefab
  artifactKey: Guid(cad6332748282f84f8b699eb72fa938d) Importer(815301076,1909f56bfc062723c751e8b465ee728b)
Start importing Assets/Prefabs/Player.prefab using Guid(cad6332748282f84f8b699eb72fa938d) Importer(815301076,1909f56bfc062723c751e8b465ee728b)  -> (artifact id: 'f6d22d2bd34452f7ca1250e9db0b2358') in 0.032646 seconds
  Import took 0.037068 seconds .

========================================================================
Received Import Request.
  Time since last request: 0.028831 seconds.
  path: Assets/Prefabs/Player.prefab
  artifactKey: Guid(cad6332748282f84f8b699eb72fa938d) Importer(815301076,1909f56bfc062723c751e8b465ee728b)
Start importing Assets/Prefabs/Player.prefab using Guid(cad6332748282f84f8b699eb72fa938d) Importer(815301076,1909f56bfc062723c751e8b465ee728b)  -> (artifact id: 'f6d22d2bd34452f7ca1250e9db0b2358') in 0.019996 seconds
  Import took 0.024628 seconds .

========================================================================
Received Prepare
Registering precompiled user dll's ...
Registered in 0.002789 seconds.
Begin MonoManager ReloadAssembly
Native extension for WindowsStandalone target not found
Refreshing native plugins compatible for Editor in 1.04 ms, found 0 plugins.
Preloading 0 native plugins for Editor in 0.00 ms.
Invoked RoslynAnalysisRunner static constructor.
RoslynAnalysisRunner will not be running.
RoslynAnalysisRunner has terminated.
Mono: successfully reloaded assembly
- Completed reload, in  1.556 seconds
Platform modules already initialized, skipping
Refreshing native plugins compatible for Editor in 0.55 ms, found 0 plugins.
Preloading 0 native plugins for Editor in 0.00 ms.
Unloading 1271 Unused Serialized files (Serialized files now loaded: 0)
System memory in use before: 66.4 MB.
System memory in use after: 66.5 MB.

Unloading 10 unused Assets to reduce memory usage. Loaded Objects now: 1933.
Total: 2.827500 ms (FindLiveObjects: 0.374200 ms CreateObjectMapping: 0.069000 ms MarkObjects: 2.267300 ms  DeleteObjects: 0.114700 ms)

========================================================================
Received Prepare
Registering precompiled user dll's ...
Registered in 0.002772 seconds.
Begin MonoManager ReloadAssembly
Native extension for WindowsStandalone target not found
Refreshing native plugins compatible for Editor in 0.56 ms, found 0 plugins.
Preloading 0 native plugins for Editor in 0.00 ms.
Invoked RoslynAnalysisRunner static constructor.
RoslynAnalysisRunner will not be running.
RoslynAnalysisRunner has terminated.
Mono: successfully reloaded assembly
- Completed reload, in  1.982 seconds
Platform modules already initialized, skipping
Refreshing native plugins compatible for Editor in 0.36 ms, found 0 plugins.
Preloading 0 native plugins for Editor in 0.00 ms.
Unloading 1270 Unused Serialized files (Serialized files now loaded: 0)
System memory in use before: 66.3 MB.
System memory in use after: 66.4 MB.

Unloading 9 unused Assets to reduce memory usage. Loaded Objects now: 1936.
Total: 2.842900 ms (FindLiveObjects: 0.214100 ms CreateObjectMapping: 0.074200 ms MarkObjects: 2.441800 ms  DeleteObjects: 0.110200 ms)

========================================================================
Received Prepare
Registering precompiled user dll's ...
Registered in 0.003086 seconds.
Begin MonoManager ReloadAssembly
Native extension for WindowsStandalone target not found
Refreshing native plugins compatible for Editor in 0.40 ms, found 0 plugins.
Preloading 0 native plugins for Editor in 0.00 ms.
Invoked RoslynAnalysisRunner static constructor.
RoslynAnalysisRunner will not be running.
RoslynAnalysisRunner has terminated.
Mono: successfully reloaded assembly
- Completed reload, in  2.053 seconds
Platform modules already initialized, skipping
Refreshing native plugins compatible for Editor in 0.45 ms, found 0 plugins.
Preloading 0 native plugins for Editor in 0.00 ms.
Unloading 1270 Unused Serialized files (Serialized files now loaded: 0)
System memory in use before: 66.3 MB.
System memory in use after: 66.4 MB.

Unloading 9 unused Assets to reduce memory usage. Loaded Objects now: 1939.
Total: 5.194600 ms (FindLiveObjects: 1.966400 ms CreateObjectMapping: 0.212400 ms MarkObjects: 2.900100 ms  DeleteObjects: 0.112400 ms)

========================================================================
Received Prepare
Registering precompiled user dll's ...
Registered in 0.006305 seconds.
Begin MonoManager ReloadAssembly
Native extension for WindowsStandalone target not found
Refreshing native plugins compatible for Editor in 0.49 ms, found 0 plugins.
Preloading 0 native plugins for Editor in 0.00 ms.
Invoked RoslynAnalysisRunner static constructor.
RoslynAnalysisRunner will not be running.
RoslynAnalysisRunner has terminated.
Mono: successfully reloaded assembly
- Completed reload, in  1.799 seconds
Platform modules already initialized, skipping
Refreshing native plugins compatible for Editor in 0.36 ms, found 0 plugins.
Preloading 0 native plugins for Editor in 0.00 ms.
Unloading 1270 Unused Serialized files (Serialized files now loaded: 0)
System memory in use before: 66.3 MB.
System memory in use after: 66.4 MB.

Unloading 9 unused Assets to reduce memory usage. Loaded Objects now: 1942.
Total: 3.622600 ms (FindLiveObjects: 1.063400 ms CreateObjectMapping: 0.158200 ms MarkObjects: 2.279700 ms  DeleteObjects: 0.118900 ms)

========================================================================
Received Prepare
Registering precompiled user dll's ...
Registered in 0.002841 seconds.
Begin MonoManager ReloadAssembly
Native extension for WindowsStandalone target not found
Refreshing native plugins compatible for Editor in 0.37 ms, found 0 plugins.
Preloading 0 native plugins for Editor in 0.00 ms.
Invoked RoslynAnalysisRunner static constructor.
RoslynAnalysisRunner will not be running.
RoslynAnalysisRunner has terminated.
Mono: successfully reloaded assembly
- Completed reload, in  1.880 seconds
Platform modules already initialized, skipping
Refreshing native plugins compatible for Editor in 0.38 ms, found 0 plugins.
Preloading 0 native plugins for Editor in 0.00 ms.
Unloading 1270 Unused Serialized files (Serialized files now loaded: 0)
System memory in use before: 66.3 MB.
System memory in use after: 66.4 MB.

Unloading 9 unused Assets to reduce memory usage. Loaded Objects now: 1945.
Total: 3.622200 ms (FindLiveObjects: 0.346600 ms CreateObjectMapping: 0.095600 ms MarkObjects: 3.068500 ms  DeleteObjects: 0.108700 ms)

========================================================================
Received Prepare
Registering precompiled user dll's ...
Registered in 0.002818 seconds.
Begin MonoManager ReloadAssembly
Native extension for WindowsStandalone target not found
Refreshing native plugins compatible for Editor in 0.37 ms, found 0 plugins.
Preloading 0 native plugins for Editor in 0.00 ms.
Invoked RoslynAnalysisRunner static constructor.
RoslynAnalysisRunner will not be running.
RoslynAnalysisRunner has terminated.
Mono: successfully reloaded assembly
- Completed reload, in  1.961 seconds
Platform modules already initialized, skipping
Refreshing native plugins compatible for Editor in 0.36 ms, found 0 plugins.
Preloading 0 native plugins for Editor in 0.00 ms.
Unloading 1270 Unused Serialized files (Serialized files now loaded: 0)
System memory in use before: 66.4 MB.
System memory in use after: 66.4 MB.

Unloading 9 unused Assets to reduce memory usage. Loaded Objects now: 1948.
Total: 2.938300 ms (FindLiveObjects: 0.411400 ms CreateObjectMapping: 0.103400 ms MarkObjects: 2.313000 ms  DeleteObjects: 0.108000 ms)

========================================================================
Received Prepare
Registering precompiled user dll's ...
Registered in 0.003209 seconds.
Begin MonoManager ReloadAssembly
Native extension for WindowsStandalone target not found
Refreshing native plugins compatible for Editor in 0.37 ms, found 0 plugins.
Preloading 0 native plugins for Editor in 0.00 ms.
Invoked RoslynAnalysisRunner static constructor.
RoslynAnalysisRunner will not be running.
RoslynAnalysisRunner has terminated.
Mono: successfully reloaded assembly
- Completed reload, in  1.820 seconds
Platform modules already initialized, skipping
Refreshing native plugins compatible for Editor in 0.62 ms, found 0 plugins.
Preloading 0 native plugins for Editor in 0.00 ms.
Unloading 1270 Unused Serialized files (Serialized files now loaded: 0)
System memory in use before: 66.4 MB.
System memory in use after: 66.4 MB.

Unloading 9 unused Assets to reduce memory usage. Loaded Objects now: 1951.
Total: 4.298200 ms (FindLiveObjects: 1.365500 ms CreateObjectMapping: 0.156100 ms MarkObjects: 2.650600 ms  DeleteObjects: 0.121900 ms)

========================================================================
Received Prepare
Registering precompiled user dll's ...
Registered in 0.005229 seconds.
Begin MonoManager ReloadAssembly
Native extension for WindowsStandalone target not found
Refreshing native plugins compatible for Editor in 0.48 ms, found 0 plugins.
Preloading 0 native plugins for Editor in 0.00 ms.
Invoked RoslynAnalysisRunner static constructor.
RoslynAnalysisRunner will not be running.
RoslynAnalysisRunner has terminated.
Mono: successfully reloaded assembly
- Completed reload, in  2.471 seconds
Platform modules already initialized, skipping
Refreshing native plugins compatible for Editor in 1.00 ms, found 0 plugins.
Preloading 0 native plugins for Editor in 0.00 ms.
Unloading 1270 Unused Serialized files (Serialized files now loaded: 0)
System memory in use before: 66.4 MB.
System memory in use after: 66.4 MB.

Unloading 9 unused Assets to reduce memory usage. Loaded Objects now: 1954.
Total: 5.135600 ms (FindLiveObjects: 1.512800 ms CreateObjectMapping: 0.262300 ms MarkObjects: 3.187800 ms  DeleteObjects: 0.168600 ms)

AssetImportWorkerClient::OnTransportError - code=2 error=End of file
